0 info it worked if it ends with ok
1 verbose cli [ 'C:\\Program Files\\nodejs\\node.exe',
1 verbose cli   'C:\\Users\\Lischina.Lischina-PC\\AppData\\Roaming\\npm\\node_modules\\npm\\bin\\npm-cli.js',
1 verbose cli   'start' ]
2 info using npm@3.3.3
3 info using node@v4.0.0
4 verbose run-script [ 'prestart', 'start', 'poststart' ]
5 info lifecycle xo@1.0.0~prestart: xo@1.0.0
6 silly lifecycle xo@1.0.0~prestart: no script for prestart, continuing
7 info lifecycle xo@1.0.0~start: xo@1.0.0
8 verbose lifecycle xo@1.0.0~start: unsafe-perm in lifecycle true
9 verbose lifecycle xo@1.0.0~start: PATH: C:\Users\Lischina.Lischina-PC\AppData\Roaming\npm\node_modules\npm\bin\node-gyp-bin;D:\projects\xo\node_modules\.bin;C:\cmder\bin;C:\Program Files (x86)\Git\bin;C:\Program Files (x86)\Git\share\vim\vim74;C:\cmder\bin;C:\Program Files (x86)\Git\bin;C:\Program Files (x86)\Git\share\vim\vim74;C:\cmder\bin;C:\Program Files (x86)\Git\bin;C:\Program Files (x86)\Git\share\vim\vim74;C:\cmder\bin;C:\Program Files (x86)\Git\bin;C:\Program Files (x86)\Git\share\vim\vim74;C:\cmder\bin;C:\Program Files (x86)\Git\bin;C:\Program Files (x86)\Git\share\vim\vim74;C:\cmder\vendor\conemu-maximus5;C:\cmder\vendor\conemu-maximus5\ConEmu;C:\ProgramData\Oracle\Java\javapath;C:\Python27\;C:\Python27\Scripts;C:\Program Files (x86)\Intel\iCLS Client\;C:\Program Files\Intel\iCLS Client\;C:\Windows\system32;C:\Windows;C:\Windows\System32\Wbem;C:\Windows\System32\WindowsPowerShell\v1.0\;C:\Program Files\Intel\Intel(R) Management Engine Components\DAL;C:\Program Files\Intel\Intel(R) Management Engine Components\IPT;C:\Program Files (x86)\Intel\Intel(R) Management Engine Components\DAL;C:\Program Files (x86)\Intel\Intel(R) Management Engine Components\IPT;C:\Program Files (x86)\Microsoft ASP.NET\ASP.NET Web Pages\v1.0\;C:\nc111nt\;C:\Program Files (x86)\Git\cmd;C:\Users\Lischina.Lischina-PC\AppData\Roaming\npm;C:\Program Files (x86)\Microsoft SQL Server\100\Tools\Binn\;C:\Program Files\Microsoft SQL Server\100\Tools\Binn\;C:\Program Files\Microsoft SQL Server\100\DTS\Binn\;C:\Program Files (x86)\Microsoft SQL Server\100\Tools\Binn\VSShell\Common7\IDE\;C:\Program Files (x86)\Microsoft Visual Studio 9.0\Common7\IDE\PrivateAssemblies\;C:\Program Files (x86)\Microsoft SQL Server\100\DTS\Binn\;C:\Program Files (x86)\GnuWin32\bin;C:\Program Files\Microsoft\Web Platform Installer\;C:\cygwin64\bin;C:\Program Files\TortoiseSVN\bin;C:\cmder;;C:\Program Files (x86)\NVIDIA Corporation\PhysX\Common;C:\Program Files (x86)\Brackets\command;C:\Program Files\nodejs\;C:\Program Files (x86)\Skype\Phone\;C:\Users\Lischina.Lischina-PC\AppData\Roaming\npm;C:\cmder;C:\cmder;C:\cmder;C:\cmder;C:\cmder
10 verbose lifecycle xo@1.0.0~start: CWD: D:\projects\xo
11 silly lifecycle xo@1.0.0~start: Args: [ '/d /s /c',
11 silly lifecycle   'browser-sync start --server --directory --files="./**/*.*"' ]
12 silly lifecycle xo@1.0.0~start: Returned: code: 3  signal: null
13 info lifecycle xo@1.0.0~start: Failed to exec start script
14 verbose stack Error: xo@1.0.0 start: `browser-sync start --server --directory --files="./**/*.*"`
14 verbose stack Exit status 3
14 verbose stack     at EventEmitter.<anonymous> (C:\Users\Lischina.Lischina-PC\AppData\Roaming\npm\node_modules\npm\lib\utils\lifecycle.js:233:16)
14 verbose stack     at emitTwo (events.js:87:13)
14 verbose stack     at EventEmitter.emit (events.js:172:7)
14 verbose stack     at ChildProcess.<anonymous> (C:\Users\Lischina.Lischina-PC\AppData\Roaming\npm\node_modules\npm\lib\utils\spawn.js:24:14)
14 verbose stack     at emitTwo (events.js:87:13)
14 verbose stack     at ChildProcess.emit (events.js:172:7)
14 verbose stack     at maybeClose (internal/child_process.js:817:16)
14 verbose stack     at Process.ChildProcess._handle.onexit (internal/child_process.js:211:5)
15 verbose pkgid xo@1.0.0
16 verbose cwd D:\projects\xo
17 error Windows_NT 6.1.7601
18 error argv "C:\\Program Files\\nodejs\\node.exe" "C:\\Users\\Lischina.Lischina-PC\\AppData\\Roaming\\npm\\node_modules\\npm\\bin\\npm-cli.js" "start"
19 error node v4.0.0
20 error npm  v3.3.3
21 error code ELIFECYCLE
22 error xo@1.0.0 start: `browser-sync start --server --directory --files="./**/*.*"`
22 error Exit status 3
23 error Failed at the xo@1.0.0 start script 'browser-sync start --server --directory --files="./**/*.*"'.
23 error This is most likely a problem with the xo package,
23 error not with npm itself.
23 error Tell the author that this fails on your system:
23 error     browser-sync start --server --directory --files="./**/*.*"
23 error You can get their info via:
23 error     npm owner ls xo
23 error There is likely additional logging output above.
24 verbose exit [ 1, true ]
